<?xml version="1.0" encoding="UTF-8"?>
<testng-results skipped="0" failed="0" total="1" passed="1">
  <reporter-output>
  </reporter-output>
  <suite name="Default suite" duration-ms="18487" started-at="2019-09-23T10:08:11Z" finished-at="2019-09-23T10:08:29Z">
    <groups>
    </groups>
    <test name="Default test" duration-ms="18487" started-at="2019-09-23T10:08:11Z" finished-at="2019-09-23T10:08:29Z">
      <class name="testScripts.HMSCreatePatient">
        <test-method status="PASS" signature="f()[pri:0, instance:testScripts.HMSCreatePatient@27efef64]" name="f" duration-ms="18452" started-at="2019-09-23T15:38:11Z" finished-at="2019-09-23T15:38:29Z">
          <reporter-output>
          </reporter-output>
        </test-method> <!-- f -->
      </class> <!-- testScripts.HMSCreatePatient -->
    </test> <!-- Default test -->
  </suite> <!-- Default suite -->
</testng-results>
